fRunning for m=10 with file synth-graphs-1000/scale_free_graph_m_10.grh
0.9
total nodes: 1000 
Pseudo-clique counts:
Size 2: 1000
Size 3: 9601
Size 4: 5926
Size 5: 1307
Size 6: 4843
Size 7: 290
Size 8: 119

Total Iterations: 23086

real	0m0.075s
user	0m0.074s
sys	0m0.001s
sgraph: synth-graphs-1000/scale_free_graph_m_10.grh ,#nodes 1000 ,#edges 9601 ,#arcs 0
iters=23086
23086
0
1000
9601
5926
1307
4843
290
119

real	0m0.071s
user	0m0.069s
sys	0m0.001s
Running for m=20 with file synth-graphs-1000/scale_free_graph_m_20.grh
0.9
total nodes: 1000 
Pseudo-clique counts:
Size 2: 1000
Size 3: 18467
Size 4: 34235
Size 5: 27462
Size 6: 293352
Size 7: 104619
Size 8: 277078
Size 9: 54744
Size 10: 54394
Size 11: 30712
Size 12: 10001
Size 13: 1764
Size 14: 124
Size 15: 18

Total Iterations: 907970

real	0m3.866s
user	0m3.861s
sys	0m0.003s
sgraph: synth-graphs-1000/scale_free_graph_m_20.grh ,#nodes 1000 ,#edges 18467 ,#arcs 0
iters=907970
907970
0
1000
18467
34235
27462
293352
104619
277078
54744
54394
30712
10001
1764
124
18

real	0m4.161s
user	0m4.153s
sys	0m0.001s
Running for m=30 with file synth-graphs-1000/scale_free_graph_m_30.grh
0.9
total nodes: 1000 
Pseudo-clique counts:
Size 2: 1000
Size 3: 26787
Size 4: 89287
Size 5: 125415
Size 6: 2107973
Size 7: 1253524
Size 8: 5512751
Size 9: 1958305
Size 10: 3664887
Size 11: 4369596
Size 12: 3478567
Size 13: 1870579
Size 14: 667963
Size 15: 622890
Size 16: 83180
Size 17: 24674
Size 18: 659
Size 19: 30

Total Iterations: 25858067

real	1m59.097s
user	1m58.737s
sys	0m0.026s
sgraph: synth-graphs-1000/scale_free_graph_m_30.grh ,#nodes 1000 ,#edges 26787 ,#arcs 0
iters=25858067
25858067
0
1000
26787
89287
125415
2107973
1253524
5512751
1958305
3664887
4369596
3478567
1870579
667963
622890
83180
24674
659
30

real	2m3.780s
user	2m3.578s
sys	0m0.014s
Running for m=40 with file synth-graphs-1000/scale_free_graph_m_40.grh
0.9
total nodes: 1000 
Pseudo-clique counts:
Size 2: 1000
Size 3: 34295
Size 4: 170825
Size 5: 364205
Size 6: 8400422
Size 7: 7507040
Size 8: 47231102
Size 9: 25548431
Size 10: 72097168
Size 11: 134331947
Size 12: 175335691
Size 13: 165193156
Size 14: 113540914
Size 15: 208392706
Size 16: 73421059
Size 17: 62867910
Size 18: 10651930
Size 19: 4035225
Size 20: 945838
Size 21: 126189
Size 22: 8384
Size 23: 177

Total Iterations: 1110205614

real	90m35.708s
user	90m20.566s
sys	0m0.928s
sgraph: synth-graphs-1000/scale_free_graph_m_40.grh ,#nodes 1000 ,#edges 34295 ,#arcs 0
iters=1110205614
1110205614
0
1000
34295
170825
364205
8400422
7507040
47231102
25548431
72097168
134331947
175335691
165193156
113540914
208392706
73421059
62867910
10651930
4035225
945838
126189
8384
177

real	89m18.277s
user	88m55.454s
sys	0m0.685s
Running for m=50 with file synth-graphs-1000/scale_free_graph_m_50.grh
Terminated

real	3362m5.767s
user	3261m7.892s
sys	56m36.361s
sgraph: synth-graphs-1000/scale_free_graph_m_50.grh ,#nodes 1000 ,#edges 41781 ,#arcs 0
Running for m=60 with file synth-graphs-1000/scale_free_graph_m_60.grh
Running for m=10 with file synth-graphs-1000/scale_free_graph_m_10.grh
0.95
total nodes: 1000 
Pseudo-clique counts:
Size 2: 1000
Size 3: 9601
Size 4: 5926
Size 5: 1307
Size 6: 160
Size 7: 5
Size 8: 3

Total Iterations: 18002

real	0m0.063s
user	0m0.059s
sys	0m0.001s
sgraph: synth-graphs-1000/scale_free_graph_m_10.grh ,#nodes 1000 ,#edges 9601 ,#arcs 0
iters=18002
18002
0
1000
9601
5926
1307
160
5
3

real	0m0.054s
user	0m0.052s
sys	0m0.000s
Running for m=20 with file synth-graphs-1000/scale_free_graph_m_20.grh
0.95
total nodes: 1000 
Pseudo-clique counts:
Size 2: 1000
Size 3: 18467
Size 4: 34235
Size 5: 27462
Size 6: 15569
Size 7: 6519
Size 8: 29421
Size 9: 5912
Size 10: 740
Size 11: 598
Size 12: 16
Size 13: 2

Total Iterations: 139941

real	0m0.928s
user	0m0.923s
sys	0m0.004s
sgraph: synth-graphs-1000/scale_free_graph_m_20.grh ,#nodes 1000 ,#edges 18467 ,#arcs 0
iters=139941
139941
0
1000
18467
34235
27462
15569
6519
29421
5912
740
598
16
2

real	0m0.876s
user	0m0.876s
sys	0m0.000s
Running for m=30 with file synth-graphs-1000/scale_free_graph_m_30.grh
0.95
total nodes: 1000 
Pseudo-clique counts:
Size 2: 1000
Size 3: 26787
Size 4: 89287
Size 5: 125415
Size 6: 115370
Size 7: 78939
Size 8: 596072
Size 9: 224329
Size 10: 65047
Size 11: 118869
Size 12: 17831
Size 13: 12602
Size 14: 633
Size 15: 101
Size 16: 3

Total Iterations: 1472285

real	0m10.883s
user	0m10.875s
sys	0m0.006s
sgraph: synth-graphs-1000/scale_free_graph_m_30.grh ,#nodes 1000 ,#edges 26787 ,#arcs 0
iters=1472285
1472285
0
1000
26787
89287
125415
115370
78939
596072
224329
65047
118869
17831
12602
633
101
3

real	0m11.435s
user	0m11.431s
sys	0m0.002s
Running for m=40 with file synth-graphs-1000/scale_free_graph_m_40.grh
0.95
total nodes: 1000 
Pseudo-clique counts:
Size 2: 1000
Size 3: 34295
Size 4: 170825
Size 5: 364205
Size 6: 494036
Size 7: 490274
Size 8: 5325819
Size 9: 3029362
Size 10: 1352832
Size 11: 3925549
Size 12: 1026520
Size 13: 1365074
Size 14: 182293
Size 15: 108340
Size 16: 38431
Size 17: 7611
Size 18: 50

Total Iterations: 17916516

real	2m7.609s
user	2m7.573s
sys	0m0.016s
sgraph: synth-graphs-1000/scale_free_graph_m_40.grh ,#nodes 1000 ,#edges 34295 ,#arcs 0
iters=17916516
17916516
0
1000
34295
170825
364205
494036
490274
5325819
3029362
1352832
3925549
1026520
1365074
182293
108340
38431
7611
50

real	4m59.568s
user	4m58.335s
sys	0m1.169s
Running for m=50 with file synth-graphs-1000/scale_free_graph_m_50.grh
0.95
total nodes: 1000 
Pseudo-clique counts:
Size 2: 1000
Size 3: 41781
Size 4: 287521
Size 5: 867759
Size 6: 1680877
Size 7: 2389535
Size 8: 35330934
Size 9: 29641248
Size 10: 19873175
Size 11: 85317148
Size 12: 36573653
Size 13: 78966326
Size 14: 21156345
Size 15: 24812119
Size 16: 20438613
Size 17: 11937236
Size 18: 980344
Size 19: 265429
Size 20: 42786
Size 21: 3349
Size 22: 82

Total Iterations: 370607260

real	121m9.757s
user	120m31.530s
sys	0m36.471s
sgraph: synth-graphs-1000/scale_free_graph_m_50.grh ,#nodes 1000 ,#edges 41781 ,#arcs 0
iters=370607260
370607260
0
1000
41781
287521
867759
1680877
2389535
35330934
29641248
19873175
85317148
36573653
78966326
21156345
24812119
20438613
11937236
980344
265429
42786
3349
82

real	126m57.179s
user	126m27.662s
sys	0m28.156s
Running for m=60 with file synth-graphs-1000/scale_free_graph_m_60.grh
0.95
total nodes: 1000 
Pseudo-clique counts:
Size 2: 1000
Size 3: 48277
Size 4: 426761
Size 5: 1670608
Size 6: 4164021
Size 7: 7663671
Size 8: 141476218
Size 9: 159694278
Size 10: 149811099
Size 11: 855696163
Size 12: 554712845
Size 13: 1699874325
Size 14: 770991640
Size 15: 1415047901
Size 16: 1942199876
Size 17: 2046412998
Size 18: 440363046
Size 19: 294972338
Size 20: 152198254
Size 21: 60043930
Size 22: 17812000
Size 23: 3860873
Size 24: 583110
Size 25: 56273
Size 26: 13088
Size 27: 328

Total Iterations: 2129860329

real	3305m6.096s
user	3290m45.212s
sys	13m41.429s
sgraph: synth-graphs-1000/scale_free_graph_m_60.grh ,#nodes 1000 ,#edges 48277 ,#arcs 0
